{"numFailedTestSuites":0,"numFailedTests":0,"numPassedTestSuites":5,"numPassedTests":17,"numPendingTestSuites":0,"numPendingTests":0,"numRuntimeErrorTestSuites":0,"numTodoTests":0,"numTotalTestSuites":5,"numTotalTests":17,"openHandles":[],"snapshot":{"added":0,"didUpdate":false,"failure":false,"filesAdded":0,"filesRemoved":0,"filesRemovedList":[],"filesUnmatched":0,"filesUpdated":0,"matched":0,"total":0,"unchecked":0,"uncheckedKeysByFile":[],"unmatched":0,"updated":0},"startTime":1765565580892,"success":true,"testResults":[{"assertionResults":[{"ancestorTitles":["Sweet Entity"],"duration":17,"failing":false,"failureDetails":[],"failureMessages":[],"fullName":"Sweet Entity should create a Sweet instance with correct properties","invocations":1,"location":null,"numPassingAsserts":5,"retryReasons":[],"startAt":1765565583522,"status":"passed","title":"should create a Sweet instance with correct properties"}],"endTime":1765565583543,"message":"","name":"C:\\Users\\heman\\Documents\\Projects\\Incubyte\\sweet-shop-management\\tests\\models\\Sweet.test.ts","startTime":1765565582106,"status":"passed","summary":""},{"assertionResults":[{"ancestorTitles":["SearchService"],"duration":21,"failing":false,"failureDetails":[],"failureMessages":[],"fullName":"SearchService should search sweets by name","invocations":1,"location":null,"numPassingAsserts":2,"retryReasons":[],"startAt":1765565583559,"status":"passed","title":"should search sweets by name"},{"ancestorTitles":["SearchService"],"duration":2,"failing":false,"failureDetails":[],"failureMessages":[],"fullName":"SearchService should search sweets by category","invocations":1,"location":null,"numPassingAsserts":2,"retryReasons":[],"startAt":1765565583581,"status":"passed","title":"should search sweets by category"},{"ancestorTitles":["SearchService"],"duration":2,"failing":false,"failureDetails":[],"failureMessages":[],"fullName":"SearchService should sort sweets by price ascending","invocations":1,"location":null,"numPassingAsserts":1,"retryReasons":[],"startAt":1765565583584,"status":"passed","title":"should sort sweets by price ascending"}],"endTime":1765565583589,"message":"","name":"C:\\Users\\heman\\Documents\\Projects\\Incubyte\\sweet-shop-management\\tests\\services\\SearchService.test.ts","startTime":1765565582107,"status":"passed","summary":""},{"assertionResults":[{"ancestorTitles":["PurchaseService"],"duration":22,"failing":false,"failureDetails":[],"failureMessages":[],"fullName":"PurchaseService should purchase a sweet successfully","invocations":1,"location":null,"numPassingAsserts":2,"retryReasons":[],"startAt":1765565583539,"status":"passed","title":"should purchase a sweet successfully"},{"ancestorTitles":["PurchaseService"],"duration":32,"failing":false,"failureDetails":[],"failureMessages":[],"fullName":"PurchaseService should throw error if sweet not found","invocations":1,"location":null,"numPassingAsserts":1,"retryReasons":[],"startAt":1765565583564,"status":"passed","title":"should throw error if sweet not found"},{"ancestorTitles":["PurchaseService"],"duration":2,"failing":false,"failureDetails":[],"failureMessages":[],"fullName":"PurchaseService should throw error for invalid quantity","invocations":1,"location":null,"numPassingAsserts":1,"retryReasons":[],"startAt":1765565583597,"status":"passed","title":"should throw error for invalid quantity"},{"ancestorTitles":["PurchaseService"],"duration":2,"failing":false,"failureDetails":[],"failureMessages":[],"fullName":"PurchaseService should throw error for insufficient stock","invocations":1,"location":null,"numPassingAsserts":1,"retryReasons":[],"startAt":1765565583600,"status":"passed","title":"should throw error for insufficient stock"}],"endTime":1765565583608,"message":"","name":"C:\\Users\\heman\\Documents\\Projects\\Incubyte\\sweet-shop-management\\tests\\services\\PurchaseService.test.ts","startTime":1765565582189,"status":"passed","summary":""},{"assertionResults":[{"ancestorTitles":["UserService"],"duration":23,"failing":false,"failureDetails":[],"failureMessages":[],"fullName":"UserService should register a new user successfully","invocations":1,"location":null,"numPassingAsserts":4,"retryReasons":[],"startAt":1765565583554,"status":"passed","title":"should register a new user successfully"},{"ancestorTitles":["UserService"],"duration":20,"failing":false,"failureDetails":[],"failureMessages":[],"fullName":"UserService should throw error if user already exists during registration","invocations":1,"location":null,"numPassingAsserts":1,"retryReasons":[],"startAt":1765565583579,"status":"passed","title":"should throw error if user already exists during registration"},{"ancestorTitles":["UserService"],"duration":2,"failing":false,"failureDetails":[],"failureMessages":[],"fullName":"UserService should login user successfully with correct credentials","invocations":1,"location":null,"numPassingAsserts":1,"retryReasons":[],"startAt":1765565583599,"status":"passed","title":"should login user successfully with correct credentials"},{"ancestorTitles":["UserService"],"duration":5,"failing":false,"failureDetails":[],"failureMessages":[],"fullName":"UserService should throw error for invalid credentials","invocations":1,"location":null,"numPassingAsserts":1,"retryReasons":[],"startAt":1765565583601,"status":"passed","title":"should throw error for invalid credentials"}],"endTime":1765565583612,"message":"","name":"C:\\Users\\heman\\Documents\\Projects\\Incubyte\\sweet-shop-management\\tests\\services\\UserService.test.ts","startTime":1765565582103,"status":"passed","summary":""},{"assertionResults":[{"ancestorTitles":["InventoryService"],"duration":22,"failing":false,"failureDetails":[],"failureMessages":[],"fullName":"InventoryService should add a sweet to the inventory","invocations":1,"location":null,"numPassingAsserts":2,"retryReasons":[],"startAt":1765565583567,"status":"passed","title":"should add a sweet to the inventory"},{"ancestorTitles":["InventoryService"],"duration":3,"failing":false,"failureDetails":[],"failureMessages":[],"fullName":"InventoryService should list all sweets","invocations":1,"location":null,"numPassingAsserts":1,"retryReasons":[],"startAt":1765565583591,"status":"passed","title":"should list all sweets"},{"ancestorTitles":["InventoryService"],"duration":5,"failing":false,"failureDetails":[],"failureMessages":[],"fullName":"InventoryService should remove a sweet from the inventory","invocations":1,"location":null,"numPassingAsserts":1,"retryReasons":[],"startAt":1765565583595,"status":"passed","title":"should remove a sweet from the inventory"},{"ancestorTitles":["InventoryService"],"duration":5,"failing":false,"failureDetails":[],"failureMessages":[],"fullName":"InventoryService should restock an existing sweet","invocations":1,"location":null,"numPassingAsserts":1,"retryReasons":[],"startAt":1765565583600,"status":"passed","title":"should restock an existing sweet"},{"ancestorTitles":["InventoryService"],"duration":37,"failing":false,"failureDetails":[],"failureMessages":[],"fullName":"InventoryService should throw error when restocking with invalid quantity","invocations":1,"location":null,"numPassingAsserts":1,"retryReasons":[],"startAt":1765565583607,"status":"passed","title":"should throw error when restocking with invalid quantity"}],"endTime":1765565583648,"message":"","name":"C:\\Users\\heman\\Documents\\Projects\\Incubyte\\sweet-shop-management\\tests\\services\\InventoryService.test.ts","startTime":1765565582103,"status":"passed","summary":""}],"wasInterrupted":false}
